[2019-11-19T06:02:33.057] [DEBUG] default - Старт новой партии
[2019-11-19T06:02:33.061] [DEBUG] default - Выпавшая сторона монеты = Орел(1)
[2019-11-19T06:02:39.205] [DEBUG] default - Выбор пользователя = решка(2)
[2019-11-19T06:02:39.206] [DEBUG] default - Вы проиграли!
[2019-11-19T06:02:40.792] [DEBUG] default - Перезапуск
[2019-11-19T06:02:40.792] [DEBUG] default - Старт новой партии
[2019-11-19T06:02:40.793] [DEBUG] default - Выпавшая сторона монеты = Решка(2)
[2019-11-19T06:02:43.039] [DEBUG] default - Выбор пользователя = решка(2)
[2019-11-19T06:02:43.039] [DEBUG] default - Вы выиграли!
[2019-11-19T06:02:45.285] [DEBUG] default - Перезапуск
[2019-11-19T06:02:45.285] [DEBUG] default - Старт новой партии
[2019-11-19T06:02:45.285] [DEBUG] default - Выпавшая сторона монеты = Решка(2)
[2019-11-19T06:02:47.710] [DEBUG] default - Выбор пользователя = решка(2)
[2019-11-19T06:02:47.711] [DEBUG] default - Вы выиграли!
[2019-11-19T06:02:49.309] [DEBUG] default - Перезапуск
[2019-11-19T06:02:49.309] [DEBUG] default - Старт новой партии
[2019-11-19T06:02:49.310] [DEBUG] default - Выпавшая сторона монеты = Решка(2)
[2019-11-19T06:02:53.353] [DEBUG] default - Выбор пользователя = решка(2)
[2019-11-19T06:02:53.353] [DEBUG] default - Вы выиграли!
[2019-11-19T08:24:36.365] [DEBUG] default - Старт новой партии
[2019-11-19T08:24:36.375] [DEBUG] default - Выпавшая сторона монеты = Орел(1)
[2019-11-19T08:24:39.897] [DEBUG] default - Выбор пользователя = решка(2)
[2019-11-19T08:24:39.898] [DEBUG] default - Вы проиграли!
